<?xml version="1.0" encoding="UTF-8"?>
<testsuite name="pestore.Pet" tests="1" skipped="0" failures="0" errors="0" timestamp="2021-08-22T17:17:56" hostname="LAPTOP-0ENUU6D3" time="4.61">
  <properties/>
  <testcase name="excluirPet" classname="pestore.Pet" time="4.61"/>
  <system-out><![CDATA[Request method:	DELETE
Request URI:	https://petstore.swagger.io/v2/pet/997745513
Proxy:			<none>
Request params:	<none>
Query params:	<none>
Form params:	<none>
Path params:	<none>
Headers:		Accept=*/*
				Content-Type=application/json; charset=UTF-8
Cookies:		<none>
Multiparts:		<none>
Body:			<none>
]]></system-out>
  <system-err><![CDATA[]]></system-err>
</testsuite>
